  Assembling SBProject1.asm...
SBProject1.asm(4): error A2008: syntax error : .
SBProject1.asm(5): error A2008: syntax error : .
SBProject1.asm(6): error A2008: syntax error : .
SBProject1.asm(7): error A2008: syntax error : ,
SBProject1.asm(43): error A2008: syntax error : invoke
SBProject1.asm(46): error A2008: syntax error : main
SBProject1.asm(46): error A2088: END directive required at end of file
C:\Program Files\Microsoft Visual Studio\2022\Community\MSBuild\Microsoft\VC\v170\BuildCustomizations\masm.targets(70,5): error MSB3721: The command "ml64.exe /c /nologo /Zi /Fo"x64\Debug\SBProject1.obj" /W3 /errorReport:prompt  /TaSBProject1.asm" exited with code 1.
